
**** Build of configuration Debug for project inc ****

"F:\\ti_009\\ccs\\utils\\bin\\gmake" -k -j 8 all -O 
 
Building file: "../CortexM.c"
Invoking: MSP432 Compiler
"F:/ti_009/ccs/tools/compiler/ti-cgt-arm_18.12.1.LTS/bin/armcl" -mv7M4 --code_state=16 --float_support=FPv4SPD16 -me --include_path="F:/ti_009/ccs/ccs_base/arm/include" --include_path="F:/ti_009/ccs/ccs_base/arm/include/CMSIS" --include_path="F:/TI-RSLK_GUIDE/inc" --include_path="F:/ti_009/ccs/tools/compiler/ti-cgt-arm_18.12.1.LTS/include" --advice:power=all --define=__MSP432P401R__ --define=ccs -g --c99 --gcc --diag_warning=225 --diag_wrap=off --display_error_number --abi=eabi --preproc_with_compile --preproc_dependency="CortexM.d_raw"  "../CortexM.c"
Finished building: "../CortexM.c"
 
Building file: "../FIFO0.c"
Invoking: MSP432 Compiler
"F:/ti_009/ccs/tools/compiler/ti-cgt-arm_18.12.1.LTS/bin/armcl" -mv7M4 --code_state=16 --float_support=FPv4SPD16 -me --include_path="F:/ti_009/ccs/ccs_base/arm/include" --include_path="F:/ti_009/ccs/ccs_base/arm/include/CMSIS" --include_path="F:/TI-RSLK_GUIDE/inc" --include_path="F:/ti_009/ccs/tools/compiler/ti-cgt-arm_18.12.1.LTS/include" --advice:power=all --define=__MSP432P401R__ --define=ccs -g --c99 --gcc --diag_warning=225 --diag_wrap=off --display_error_number --abi=eabi --preproc_with_compile --preproc_dependency="FIFO0.d_raw"  "../FIFO0.c"
Finished building: "../FIFO0.c"
 
Building file: "../Clock.c"
Invoking: MSP432 Compiler
"F:/ti_009/ccs/tools/compiler/ti-cgt-arm_18.12.1.LTS/bin/armcl" -mv7M4 --code_state=16 --float_support=FPv4SPD16 -me --include_path="F:/ti_009/ccs/ccs_base/arm/include" --include_path="F:/ti_009/ccs/ccs_base/arm/include/CMSIS" --include_path="F:/TI-RSLK_GUIDE/inc" --include_path="F:/ti_009/ccs/tools/compiler/ti-cgt-arm_18.12.1.LTS/include" --advice:power=all --define=__MSP432P401R__ --define=ccs -g --c99 --gcc --diag_warning=225 --diag_wrap=off --display_error_number --abi=eabi --preproc_with_compile --preproc_dependency="Clock.d_raw"  "../Clock.c"
Finished building: "../Clock.c"
 
Building file: "../Bump.c"
Invoking: MSP432 Compiler
"F:/ti_009/ccs/tools/compiler/ti-cgt-arm_18.12.1.LTS/bin/armcl" -mv7M4 --code_state=16 --float_support=FPv4SPD16 -me --include_path="F:/ti_009/ccs/ccs_base/arm/include" --include_path="F:/ti_009/ccs/ccs_base/arm/include/CMSIS" --include_path="F:/TI-RSLK_GUIDE/inc" --include_path="F:/ti_009/ccs/tools/compiler/ti-cgt-arm_18.12.1.LTS/include" --advice:power=all --define=__MSP432P401R__ --define=ccs -g --c99 --gcc --diag_warning=225 --diag_wrap=off --display_error_number --abi=eabi --preproc_with_compile --preproc_dependency="Bump.d_raw"  "../Bump.c"
"../Bump.c", line 77: remark #2623-D: (ULP 5.4) Detected an assignment to a type with size less than int. To avoid unnecessary sign extension, use int-sized types for local varaibles and convert to smaller types for static storage.
"../Bump.c", line 102: remark #2623-D: (ULP 5.4) Detected an assignment to a type with size less than int. To avoid unnecessary sign extension, use int-sized types for local varaibles and convert to smaller types for static storage.
Finished building: "../Bump.c"
 
Building file: "../ADC14.c"
Invoking: MSP432 Compiler
"F:/ti_009/ccs/tools/compiler/ti-cgt-arm_18.12.1.LTS/bin/armcl" -mv7M4 --code_state=16 --float_support=FPv4SPD16 -me --include_path="F:/ti_009/ccs/ccs_base/arm/include" --include_path="F:/ti_009/ccs/ccs_base/arm/include/CMSIS" --include_path="F:/TI-RSLK_GUIDE/inc" --include_path="F:/ti_009/ccs/tools/compiler/ti-cgt-arm_18.12.1.LTS/include" --advice:power=all --define=__MSP432P401R__ --define=ccs -g --c99 --gcc --diag_warning=225 --diag_wrap=off --display_error_number --abi=eabi --preproc_with_compile --preproc_dependency="ADC14.d_raw"  "../ADC14.c"
"../ADC14.c", line 53: remark #1527-D: (ULP 2.1) Detected SW delay loop using empty loop. Recommend using a timer module instead
"../ADC14.c", line 100: remark #1527-D: (ULP 2.1) Detected SW delay loop using empty loop. Recommend using a timer module instead
"../ADC14.c", line 102: remark #1527-D: (ULP 2.1) Detected SW delay loop using empty loop. Recommend using a timer module instead
"../ADC14.c", line 111: remark #1527-D: (ULP 2.1) Detected SW delay loop using empty loop. Recommend using a timer module instead
"../ADC14.c", line 169: remark #1527-D: (ULP 2.1) Detected SW delay loop using empty loop. Recommend using a timer module instead
"../ADC14.c", line 172: remark #1527-D: (ULP 2.1) Detected SW delay loop using empty loop. Recommend using a timer module instead
Finished building: "../ADC14.c"
 
Building file: "../FlashProgram.c"
Invoking: MSP432 Compiler
"F:/ti_009/ccs/tools/compiler/ti-cgt-arm_18.12.1.LTS/bin/armcl" -mv7M4 --code_state=16 --float_support=FPv4SPD16 -me --include_path="F:/ti_009/ccs/ccs_base/arm/include" --include_path="F:/ti_009/ccs/ccs_base/arm/include/CMSIS" --include_path="F:/TI-RSLK_GUIDE/inc" --include_path="F:/ti_009/ccs/tools/compiler/ti-cgt-arm_18.12.1.LTS/include" --advice:power=all --define=__MSP432P401R__ --define=ccs -g --c99 --gcc --diag_warning=225 --diag_wrap=off --display_error_number --abi=eabi --preproc_with_compile --preproc_dependency="FlashProgram.d_raw"  "../FlashProgram.c"
"../FlashProgram.c", line 285: remark #1528-D: (ULP 3.1) Detected flag polling using FLCTL_IFG. Recommend using an interrupt combined with enter LPMx and ISR
"../FlashProgram.c", line 290: remark #1528-D: (ULP 3.1) Detected flag polling using FLCTL_IFG. Recommend using an interrupt combined with enter LPMx and ISR
"../FlashProgram.c", line 327: remark #1528-D: (ULP 3.1) Detected flag polling using FLCTL_IFG. Recommend using an interrupt combined with enter LPMx and ISR
"../FlashProgram.c", line 368: remark #1528-D: (ULP 3.1) Detected flag polling using FLCTL_IFG. Recommend using an interrupt combined with enter LPMx and ISR
"../FlashProgram.c", line 306: remark #1527-D: (ULP 2.1) Detected SW delay loop using empty loop. Recommend using a timer module instead
"../FlashProgram.c", line 313: remark #1527-D: (ULP 2.1) Detected SW delay loop using empty loop. Recommend using a timer module instead
"../FlashProgram.c", line 349: remark #1527-D: (ULP 2.1) Detected SW delay loop using empty loop. Recommend using a timer module instead
"../FlashProgram.c", line 356: remark #1527-D: (ULP 2.1) Detected SW delay loop using empty loop. Recommend using a timer module instead
"../FlashProgram.c", line 397: remark #2623-D: (ULP 5.4) Detected an assignment to a type with size less than int. To avoid unnecessary sign extension, use int-sized types for local varaibles and convert to smaller types for static storage.
"../FlashProgram.c", line 481: remark #1528-D: (ULP 3.1) Detected flag polling using FLCTL_IFG. Recommend using an interrupt combined with enter LPMx and ISR
"../FlashProgram.c", line 555: remark #1528-D: (ULP 3.1) Detected flag polling using FLCTL_IFG. Recommend using an interrupt combined with enter LPMx and ISR
"../FlashProgram.c", line 615: remark #1528-D: (ULP 3.1) Detected flag polling using FLCTL_IFG. Recommend using an interrupt combined with enter LPMx and ISR
"../FlashProgram.c", line 444: remark #1543-D: (ULP 12.2) Detected for loop with repetitive data transfer. Recommend using DMA
"../FlashProgram.c", line 520: remark #1527-D: (ULP 2.1) Detected SW delay loop using empty loop. Recommend using a timer module instead
"../FlashProgram.c", line 530: remark #1527-D: (ULP 2.1) Detected SW delay loop using empty loop. Recommend using a timer module instead
"../FlashProgram.c", line 549: remark #1543-D: (ULP 12.2) Detected for loop with repetitive data transfer. Recommend using DMA
"../FlashProgram.c", line 581: remark #1527-D: (ULP 2.1) Detected SW delay loop using empty loop. Recommend using a timer module instead
"../FlashProgram.c", line 590: remark #1527-D: (ULP 2.1) Detected SW delay loop using empty loop. Recommend using a timer module instead
"../FlashProgram.c", line 609: remark #1543-D: (ULP 12.2) Detected for loop with repetitive data transfer. Recommend using DMA
"../FlashProgram.c", line 671: remark #1528-D: (ULP 3.1) Detected flag polling using FLCTL_IFG. Recommend using an interrupt combined with enter LPMx and ISR
"../FlashProgram.c", line 716: remark #1528-D: (ULP 3.1) Detected flag polling using FLCTL_IFG. Recommend using an interrupt combined with enter LPMx and ISR
"../FlashProgram.c", line 743: remark #1528-D: (ULP 3.1) Detected flag polling using FLCTL_IFG. Recommend using an interrupt combined with enter LPMx and ISR
"../FlashProgram.c", line 712: remark #1527-D: (ULP 2.1) Detected SW delay loop using empty loop. Recommend using a timer module instead
"../FlashProgram.c", line 724: remark #1527-D: (ULP 2.1) Detected SW delay loop using empty loop. Recommend using a timer module instead
Finished building: "../FlashProgram.c"
 
Building file: "../GPIO.c"
Invoking: MSP432 Compiler
"F:/ti_009/ccs/tools/compiler/ti-cgt-arm_18.12.1.LTS/bin/armcl" -mv7M4 --code_state=16 --float_support=FPv4SPD16 -me --include_path="F:/ti_009/ccs/ccs_base/arm/include" --include_path="F:/ti_009/ccs/ccs_base/arm/include/CMSIS" --include_path="F:/TI-RSLK_GUIDE/inc" --include_path="F:/ti_009/ccs/tools/compiler/ti-cgt-arm_18.12.1.LTS/include" --advice:power=all --define=__MSP432P401R__ --define=ccs -g --c99 --gcc --diag_warning=225 --diag_wrap=off --display_error_number --abi=eabi --preproc_with_compile --preproc_dependency="GPIO.d_raw"  "../GPIO.c"
Finished building: "../GPIO.c"
 
Building file: "../EUSCIA0.c"
Invoking: MSP432 Compiler
"F:/ti_009/ccs/tools/compiler/ti-cgt-arm_18.12.1.LTS/bin/armcl" -mv7M4 --code_state=16 --float_support=FPv4SPD16 -me --include_path="F:/ti_009/ccs/ccs_base/arm/include" --include_path="F:/ti_009/ccs/ccs_base/arm/include/CMSIS" --include_path="F:/TI-RSLK_GUIDE/inc" --include_path="F:/ti_009/ccs/tools/compiler/ti-cgt-arm_18.12.1.LTS/include" --advice:power=all --define=__MSP432P401R__ --define=ccs -g --c99 --gcc --diag_warning=225 --diag_wrap=off --display_error_number --abi=eabi --preproc_with_compile --preproc_dependency="EUSCIA0.d_raw"  "../EUSCIA0.c"
"../EUSCIA0.c", line 102: remark #1527-D: (ULP 2.1) Detected SW delay loop using empty loop. Recommend using a timer module instead
"../EUSCIA0.c", line 102: remark #2623-D: (ULP 5.4) Detected an assignment to a type with size less than int. To avoid unnecessary sign extension, use int-sized types for local varaibles and convert to smaller types for static storage.
"../EUSCIA0.c", line 112: remark #1527-D: (ULP 2.1) Detected SW delay loop using empty loop. Recommend using a timer module instead
"../EUSCIA0.c", line 122: remark #2623-D: (ULP 5.4) Detected an assignment to a type with size less than int. To avoid unnecessary sign extension, use int-sized types for local varaibles and convert to smaller types for static storage.
Finished building: "../EUSCIA0.c"
 
Building file: "../IRDistance.c"
Invoking: MSP432 Compiler
"F:/ti_009/ccs/tools/compiler/ti-cgt-arm_18.12.1.LTS/bin/armcl" -mv7M4 --code_state=16 --float_support=FPv4SPD16 -me --include_path="F:/ti_009/ccs/ccs_base/arm/include" --include_path="F:/ti_009/ccs/ccs_base/arm/include/CMSIS" --include_path="F:/TI-RSLK_GUIDE/inc" --include_path="F:/ti_009/ccs/tools/compiler/ti-cgt-arm_18.12.1.LTS/include" --advice:power=all --define=__MSP432P401R__ --define=ccs -g --c99 --gcc --diag_warning=225 --diag_wrap=off --display_error_number --abi=eabi --preproc_with_compile --preproc_dependency="IRDistance.d_raw"  "../IRDistance.c"
Finished building: "../IRDistance.c"
 
Building file: "../LaunchPad.c"
Invoking: MSP432 Compiler
"F:/ti_009/ccs/tools/compiler/ti-cgt-arm_18.12.1.LTS/bin/armcl" -mv7M4 --code_state=16 --float_support=FPv4SPD16 -me --include_path="F:/ti_009/ccs/ccs_base/arm/include" --include_path="F:/ti_009/ccs/ccs_base/arm/include/CMSIS" --include_path="F:/TI-RSLK_GUIDE/inc" --include_path="F:/ti_009/ccs/tools/compiler/ti-cgt-arm_18.12.1.LTS/include" --advice:power=all --define=__MSP432P401R__ --define=ccs -g --c99 --gcc --diag_warning=225 --diag_wrap=off --display_error_number --abi=eabi --preproc_with_compile --preproc_dependency="LaunchPad.d_raw"  "../LaunchPad.c"
Finished building: "../LaunchPad.c"
 
Building file: "../LPF.c"
Invoking: MSP432 Compiler
"F:/ti_009/ccs/tools/compiler/ti-cgt-arm_18.12.1.LTS/bin/armcl" -mv7M4 --code_state=16 --float_support=FPv4SPD16 -me --include_path="F:/ti_009/ccs/ccs_base/arm/include" --include_path="F:/ti_009/ccs/ccs_base/arm/include/CMSIS" --include_path="F:/TI-RSLK_GUIDE/inc" --include_path="F:/ti_009/ccs/tools/compiler/ti-cgt-arm_18.12.1.LTS/include" --advice:power=all --define=__MSP432P401R__ --define=ccs -g --c99 --gcc --diag_warning=225 --diag_wrap=off --display_error_number --abi=eabi --preproc_with_compile --preproc_dependency="LPF.d_raw"  "../LPF.c"
Finished building: "../LPF.c"
 
Building file: "../MotorSimple.c"
Invoking: MSP432 Compiler
"F:/ti_009/ccs/tools/compiler/ti-cgt-arm_18.12.1.LTS/bin/armcl" -mv7M4 --code_state=16 --float_support=FPv4SPD16 -me --include_path="F:/ti_009/ccs/ccs_base/arm/include" --include_path="F:/ti_009/ccs/ccs_base/arm/include/CMSIS" --include_path="F:/TI-RSLK_GUIDE/inc" --include_path="F:/ti_009/ccs/tools/compiler/ti-cgt-arm_18.12.1.LTS/include" --advice:power=all --define=__MSP432P401R__ --define=ccs -g --c99 --gcc --diag_warning=225 --diag_wrap=off --display_error_number --abi=eabi --preproc_with_compile --preproc_dependency="MotorSimple.d_raw"  "../MotorSimple.c"
Finished building: "../MotorSimple.c"
 
Building file: "../AP.c"
Invoking: MSP432 Compiler
"F:/ti_009/ccs/tools/compiler/ti-cgt-arm_18.12.1.LTS/bin/armcl" -mv7M4 --code_state=16 --float_support=FPv4SPD16 -me --include_path="F:/ti_009/ccs/ccs_base/arm/include" --include_path="F:/ti_009/ccs/ccs_base/arm/include/CMSIS" --include_path="F:/TI-RSLK_GUIDE/inc" --include_path="F:/ti_009/ccs/tools/compiler/ti-cgt-arm_18.12.1.LTS/include" --advice:power=all --define=__MSP432P401R__ --define=ccs -g --c99 --gcc --diag_warning=225 --diag_wrap=off --display_error_number --abi=eabi --preproc_with_compile --preproc_dependency="AP.d_raw"  "../AP.c"
"../AP.c", line 381: remark #2623-D: (ULP 5.4) Detected an assignment to a type with size less than int. To avoid unnecessary sign extension, use int-sized types for local varaibles and convert to smaller types for static storage.
"../AP.c", line 382: remark #2623-D: (ULP 5.4) Detected an assignment to a type with size less than int. To avoid unnecessary sign extension, use int-sized types for local varaibles and convert to smaller types for static storage.
"../AP.c", line 383: remark #2623-D: (ULP 5.4) Detected an assignment to a type with size less than int. To avoid unnecessary sign extension, use int-sized types for local varaibles and convert to smaller types for static storage.
"../AP.c", line 384: remark #2623-D: (ULP 5.4) Detected an assignment to a type with size less than int. To avoid unnecessary sign extension, use int-sized types for local varaibles and convert to smaller types for static storage.
"../AP.c", line 386: remark #2623-D: (ULP 5.4) Detected an assignment to a type with size less than int. To avoid unnecessary sign extension, use int-sized types for local varaibles and convert to smaller types for static storage.
"../AP.c", line 386: remark #2623-D: (ULP 5.4) Detected an assignment to a type with size less than int. To avoid unnecessary sign extension, use int-sized types for local varaibles and convert to smaller types for static storage.
"../AP.c", line 444: remark #2623-D: (ULP 5.4) Detected an assignment to a type with size less than int. To avoid unnecessary sign extension, use int-sized types for local varaibles and convert to smaller types for static storage.
"../AP.c", line 445: remark #2623-D: (ULP 5.4) Detected an assignment to a type with size less than int. To avoid unnecessary sign extension, use int-sized types for local varaibles and convert to smaller types for static storage.
"../AP.c", line 447: remark #2623-D: (ULP 5.4) Detected an assignment to a type with size less than int. To avoid unnecessary sign extension, use int-sized types for local varaibles and convert to smaller types for static storage.
"../AP.c", line 448: remark #2623-D: (ULP 5.4) Detected an assignment to a type with size less than int. To avoid unnecessary sign extension, use int-sized types for local varaibles and convert to smaller types for static storage.
"../AP.c", line 454: remark #2623-D: (ULP 5.4) Detected an assignment to a type with size less than int. To avoid unnecessary sign extension, use int-sized types for local varaibles and convert to smaller types for static storage.
"../AP.c", line 454: remark #2623-D: (ULP 5.4) Detected an assignment to a type with size less than int. To avoid unnecessary sign extension, use int-sized types for local varaibles and convert to smaller types for static storage.
"../AP.c", line 612: remark #2623-D: (ULP 5.4) Detected an assignment to a type with size less than int. To avoid unnecessary sign extension, use int-sized types for local varaibles and convert to smaller types for static storage.
"../AP.c", line 662: remark #2623-D: (ULP 5.4) Detected an assignment to a type with size less than int. To avoid unnecessary sign extension, use int-sized types for local varaibles and convert to smaller types for static storage.
"../AP.c", line 783: remark #2623-D: (ULP 5.4) Detected an assignment to a type with size less than int. To avoid unnecessary sign extension, use int-sized types for local varaibles and convert to smaller types for static storage.
"../AP.c", line 810: remark #2623-D: (ULP 5.4) Detected an assignment to a type with size less than int. To avoid unnecessary sign extension, use int-sized types for local varaibles and convert to smaller types for static storage.
"../AP.c", line 831: remark #2623-D: (ULP 5.4) Detected an assignment to a type with size less than int. To avoid unnecessary sign extension, use int-sized types for local varaibles and convert to smaller types for static storage.
Finished building: "../AP.c"
 
Building file: "../Motor.c"
Invoking: MSP432 Compiler
"F:/ti_009/ccs/tools/compiler/ti-cgt-arm_18.12.1.LTS/bin/armcl" -mv7M4 --code_state=16 --float_support=FPv4SPD16 -me --include_path="F:/ti_009/ccs/ccs_base/arm/include" --include_path="F:/ti_009/ccs/ccs_base/arm/include/CMSIS" --include_path="F:/TI-RSLK_GUIDE/inc" --include_path="F:/ti_009/ccs/tools/compiler/ti-cgt-arm_18.12.1.LTS/include" --advice:power=all --define=__MSP432P401R__ --define=ccs -g --c99 --gcc --diag_warning=225 --diag_wrap=off --display_error_number --abi=eabi --preproc_with_compile --preproc_dependency="Motor.d_raw"  "../Motor.c"
Finished building: "../Motor.c"
 
Building file: "../PWM.c"
Invoking: MSP432 Compiler
"F:/ti_009/ccs/tools/compiler/ti-cgt-arm_18.12.1.LTS/bin/armcl" -mv7M4 --code_state=16 --float_support=FPv4SPD16 -me --include_path="F:/ti_009/ccs/ccs_base/arm/include" --include_path="F:/ti_009/ccs/ccs_base/arm/include/CMSIS" --include_path="F:/TI-RSLK_GUIDE/inc" --include_path="F:/ti_009/ccs/tools/compiler/ti-cgt-arm_18.12.1.LTS/include" --advice:power=all --define=__MSP432P401R__ --define=ccs -g --c99 --gcc --diag_warning=225 --diag_wrap=off --display_error_number --abi=eabi --preproc_with_compile --preproc_dependency="PWM.d_raw"  "../PWM.c"
Finished building: "../PWM.c"
 
Building file: "../Reflectance.c"
Invoking: MSP432 Compiler
"F:/ti_009/ccs/tools/compiler/ti-cgt-arm_18.12.1.LTS/bin/armcl" -mv7M4 --code_state=16 --float_support=FPv4SPD16 -me --include_path="F:/ti_009/ccs/ccs_base/arm/include" --include_path="F:/ti_009/ccs/ccs_base/arm/include/CMSIS" --include_path="F:/TI-RSLK_GUIDE/inc" --include_path="F:/ti_009/ccs/tools/compiler/ti-cgt-arm_18.12.1.LTS/include" --advice:power=all --define=__MSP432P401R__ --define=ccs -g --c99 --gcc --diag_warning=225 --diag_wrap=off --display_error_number --abi=eabi --preproc_with_compile --preproc_dependency="Reflectance.d_raw"  "../Reflectance.c"
"../Reflectance.c", line 98: remark #2623-D: (ULP 5.4) Detected an assignment to a type with size less than int. To avoid unnecessary sign extension, use int-sized types for local varaibles and convert to smaller types for static storage.
"../Reflectance.c", line 137: remark #2623-D: (ULP 5.4) Detected an assignment to a type with size less than int. To avoid unnecessary sign extension, use int-sized types for local varaibles and convert to smaller types for static storage.
Finished building: "../Reflectance.c"
 
Building file: "../Nokia5110.c"
Invoking: MSP432 Compiler
"F:/ti_009/ccs/tools/compiler/ti-cgt-arm_18.12.1.LTS/bin/armcl" -mv7M4 --code_state=16 --float_support=FPv4SPD16 -me --include_path="F:/ti_009/ccs/ccs_base/arm/include" --include_path="F:/ti_009/ccs/ccs_base/arm/include/CMSIS" --include_path="F:/TI-RSLK_GUIDE/inc" --include_path="F:/ti_009/ccs/tools/compiler/ti-cgt-arm_18.12.1.LTS/include" --advice:power=all --define=__MSP432P401R__ --define=ccs -g --c99 --gcc --diag_warning=225 --diag_wrap=off --display_error_number --abi=eabi --preproc_with_compile --preproc_dependency="Nokia5110.d_raw"  "../Nokia5110.c"
"../Nokia5110.c", line 280: remark #1527-D: (ULP 2.1) Detected SW delay loop using empty loop. Recommend using a timer module instead
"../Nokia5110.c", line 357: remark #2623-D: (ULP 5.4) Detected an assignment to a type with size less than int. To avoid unnecessary sign extension, use int-sized types for local varaibles and convert to smaller types for static storage.
"../Nokia5110.c", line 362: remark #2623-D: (ULP 5.4) Detected an assignment to a type with size less than int. To avoid unnecessary sign extension, use int-sized types for local varaibles and convert to smaller types for static storage.
"../Nokia5110.c", line 450: remark #2623-D: (ULP 5.4) Detected an assignment to a type with size less than int. To avoid unnecessary sign extension, use int-sized types for local varaibles and convert to smaller types for static storage.
"../Nokia5110.c", line 451: remark #2623-D: (ULP 5.4) Detected an assignment to a type with size less than int. To avoid unnecessary sign extension, use int-sized types for local varaibles and convert to smaller types for static storage.
"../Nokia5110.c", line 452: remark #2623-D: (ULP 5.4) Detected an assignment to a type with size less than int. To avoid unnecessary sign extension, use int-sized types for local varaibles and convert to smaller types for static storage.
"../Nokia5110.c", line 453: remark #2623-D: (ULP 5.4) Detected an assignment to a type with size less than int. To avoid unnecessary sign extension, use int-sized types for local varaibles and convert to smaller types for static storage.
"../Nokia5110.c", line 462: remark #2623-D: (ULP 5.4) Detected an assignment to a type with size less than int. To avoid unnecessary sign extension, use int-sized types for local varaibles and convert to smaller types for static storage.
"../Nokia5110.c", line 469: remark #2623-D: (ULP 5.4) Detected an assignment to a type with size less than int. To avoid unnecessary sign extension, use int-sized types for local varaibles and convert to smaller types for static storage.
"../Nokia5110.c", line 473: remark #2623-D: (ULP 5.4) Detected an assignment to a type with size less than int. To avoid unnecessary sign extension, use int-sized types for local varaibles and convert to smaller types for static storage.
"../Nokia5110.c", line 476: remark #2623-D: (ULP 5.4) Detected an assignment to a type with size less than int. To avoid unnecessary sign extension, use int-sized types for local varaibles and convert to smaller types for static storage.
"../Nokia5110.c", line 478: remark #2623-D: (ULP 5.4) Detected an assignment to a type with size less than int. To avoid unnecessary sign extension, use int-sized types for local varaibles and convert to smaller types for static storage.
"../Nokia5110.c", line 496: remark #1543-D: (ULP 12.2) Detected for loop with repetitive data transfer. Recommend using DMA
Finished building: "../Nokia5110.c"
 
Building file: "../TimerA1.c"
Invoking: MSP432 Compiler
"F:/ti_009/ccs/tools/compiler/ti-cgt-arm_18.12.1.LTS/bin/armcl" -mv7M4 --code_state=16 --float_support=FPv4SPD16 -me --include_path="F:/ti_009/ccs/ccs_base/arm/include" --include_path="F:/ti_009/ccs/ccs_base/arm/include/CMSIS" --include_path="F:/TI-RSLK_GUIDE/inc" --include_path="F:/ti_009/ccs/tools/compiler/ti-cgt-arm_18.12.1.LTS/include" --advice:power=all --define=__MSP432P401R__ --define=ccs -g --c99 --gcc --diag_warning=225 --diag_wrap=off --display_error_number --abi=eabi --preproc_with_compile --preproc_dependency="TimerA1.d_raw"  "../TimerA1.c"
 
>> Compilation failure
subdir_rules.mk:9: recipe for target 'TimerA1.obj' failed
"../TimerA1.c", line 57: error #138: expression must be a modifiable lvalue
1 error detected in the compilation of "../TimerA1.c".
gmake: *** [TimerA1.obj] Error 1
Building file: "../SysTick.c"
Invoking: MSP432 Compiler
"F:/ti_009/ccs/tools/compiler/ti-cgt-arm_18.12.1.LTS/bin/armcl" -mv7M4 --code_state=16 --float_support=FPv4SPD16 -me --include_path="F:/ti_009/ccs/ccs_base/arm/include" --include_path="F:/ti_009/ccs/ccs_base/arm/include/CMSIS" --include_path="F:/TI-RSLK_GUIDE/inc" --include_path="F:/ti_009/ccs/tools/compiler/ti-cgt-arm_18.12.1.LTS/include" --advice:power=all --define=__MSP432P401R__ --define=ccs -g --c99 --gcc --diag_warning=225 --diag_wrap=off --display_error_number --abi=eabi --preproc_with_compile --preproc_dependency="SysTick.d_raw"  "../SysTick.c"
"../SysTick.c", line 75: remark #1527-D: (ULP 2.1) Detected SW delay loop using empty loop. Recommend using a timer module instead
Finished building: "../SysTick.c"
 
Building file: "../TA3InputCapture.c"
Invoking: MSP432 Compiler
"F:/ti_009/ccs/tools/compiler/ti-cgt-arm_18.12.1.LTS/bin/armcl" -mv7M4 --code_state=16 --float_support=FPv4SPD16 -me --include_path="F:/ti_009/ccs/ccs_base/arm/include" --include_path="F:/ti_009/ccs/ccs_base/arm/include/CMSIS" --include_path="F:/TI-RSLK_GUIDE/inc" --include_path="F:/ti_009/ccs/tools/compiler/ti-cgt-arm_18.12.1.LTS/include" --advice:power=all --define=__MSP432P401R__ --define=ccs -g --c99 --gcc --diag_warning=225 --diag_wrap=off --display_error_number --abi=eabi --preproc_with_compile --preproc_dependency="TA3InputCapture.d_raw"  "../TA3InputCapture.c"
Finished building: "../TA3InputCapture.c"
 
Building file: "../TimerA0.c"
Invoking: MSP432 Compiler
"F:/ti_009/ccs/tools/compiler/ti-cgt-arm_18.12.1.LTS/bin/armcl" -mv7M4 --code_state=16 --float_support=FPv4SPD16 -me --include_path="F:/ti_009/ccs/ccs_base/arm/include" --include_path="F:/ti_009/ccs/ccs_base/arm/include/CMSIS" --include_path="F:/TI-RSLK_GUIDE/inc" --include_path="F:/ti_009/ccs/tools/compiler/ti-cgt-arm_18.12.1.LTS/include" --advice:power=all --define=__MSP432P401R__ --define=ccs -g --c99 --gcc --diag_warning=225 --diag_wrap=off --display_error_number --abi=eabi --preproc_with_compile --preproc_dependency="TimerA0.d_raw"  "../TimerA0.c"
Finished building: "../TimerA0.c"
 
Building file: "../Tachometer.c"
Invoking: MSP432 Compiler
"F:/ti_009/ccs/tools/compiler/ti-cgt-arm_18.12.1.LTS/bin/armcl" -mv7M4 --code_state=16 --float_support=FPv4SPD16 -me --include_path="F:/ti_009/ccs/ccs_base/arm/include" --include_path="F:/ti_009/ccs/ccs_base/arm/include/CMSIS" --include_path="F:/TI-RSLK_GUIDE/inc" --include_path="F:/ti_009/ccs/tools/compiler/ti-cgt-arm_18.12.1.LTS/include" --advice:power=all --define=__MSP432P401R__ --define=ccs -g --c99 --gcc --diag_warning=225 --diag_wrap=off --display_error_number --abi=eabi --preproc_with_compile --preproc_dependency="Tachometer.d_raw"  "../Tachometer.c"
Finished building: "../Tachometer.c"
 
Building file: "../incmain.c"
Invoking: MSP432 Compiler
"F:/ti_009/ccs/tools/compiler/ti-cgt-arm_18.12.1.LTS/bin/armcl" -mv7M4 --code_state=16 --float_support=FPv4SPD16 -me --include_path="F:/ti_009/ccs/ccs_base/arm/include" --include_path="F:/ti_009/ccs/ccs_base/arm/include/CMSIS" --include_path="F:/TI-RSLK_GUIDE/inc" --include_path="F:/ti_009/ccs/tools/compiler/ti-cgt-arm_18.12.1.LTS/include" --advice:power=all --define=__MSP432P401R__ --define=ccs -g --c99 --gcc --diag_warning=225 --diag_wrap=off --display_error_number --abi=eabi --preproc_with_compile --preproc_dependency="incmain.d_raw"  "../incmain.c"
Finished building: "../incmain.c"
 
Building file: "../TExaS.c"
Invoking: MSP432 Compiler
"F:/ti_009/ccs/tools/compiler/ti-cgt-arm_18.12.1.LTS/bin/armcl" -mv7M4 --code_state=16 --float_support=FPv4SPD16 -me --include_path="F:/ti_009/ccs/ccs_base/arm/include" --include_path="F:/ti_009/ccs/ccs_base/arm/include/CMSIS" --include_path="F:/TI-RSLK_GUIDE/inc" --include_path="F:/ti_009/ccs/tools/compiler/ti-cgt-arm_18.12.1.LTS/include" --advice:power=all --define=__MSP432P401R__ --define=ccs -g --c99 --gcc --diag_warning=225 --diag_wrap=off --display_error_number --abi=eabi --preproc_with_compile --preproc_dependency="TExaS.d_raw"  "../TExaS.c"
"../TExaS.c", line 121: remark #1527-D: (ULP 2.1) Detected SW delay loop using empty loop. Recommend using a timer module instead
"../TExaS.c", line 280: remark #1527-D: (ULP 2.1) Detected SW delay loop using empty loop. Recommend using a timer module instead
"../TExaS.c", line 289: remark #1527-D: (ULP 2.1) Detected SW delay loop using empty loop. Recommend using a timer module instead
"../TExaS.c", line 411: remark #1527-D: (ULP 2.1) Detected SW delay loop using empty loop. Recommend using a timer module instead
"../TExaS.c", line 453: remark #1527-D: (ULP 2.1) Detected SW delay loop using empty loop. Recommend using a timer module instead
Finished building: "../TExaS.c"
 
Building file: "../TimerA2.c"
Invoking: MSP432 Compiler
"F:/ti_009/ccs/tools/compiler/ti-cgt-arm_18.12.1.LTS/bin/armcl" -mv7M4 --code_state=16 --float_support=FPv4SPD16 -me --include_path="F:/ti_009/ccs/ccs_base/arm/include" --include_path="F:/ti_009/ccs/ccs_base/arm/include/CMSIS" --include_path="F:/TI-RSLK_GUIDE/inc" --include_path="F:/ti_009/ccs/tools/compiler/ti-cgt-arm_18.12.1.LTS/include" --advice:power=all --define=__MSP432P401R__ --define=ccs -g --c99 --gcc --diag_warning=225 --diag_wrap=off --display_error_number --abi=eabi --preproc_with_compile --preproc_dependency="TimerA2.d_raw"  "../TimerA2.c"
Finished building: "../TimerA2.c"
 
Building file: "../startup_msp432p401r_ccs.c"
Invoking: MSP432 Compiler
"F:/ti_009/ccs/tools/compiler/ti-cgt-arm_18.12.1.LTS/bin/armcl" -mv7M4 --code_state=16 --float_support=FPv4SPD16 -me --include_path="F:/ti_009/ccs/ccs_base/arm/include" --include_path="F:/ti_009/ccs/ccs_base/arm/include/CMSIS" --include_path="F:/TI-RSLK_GUIDE/inc" --include_path="F:/ti_009/ccs/tools/compiler/ti-cgt-arm_18.12.1.LTS/include" --advice:power=all --define=__MSP432P401R__ --define=ccs -g --c99 --gcc --diag_warning=225 --diag_wrap=off --display_error_number --abi=eabi --preproc_with_compile --preproc_dependency="startup_msp432p401r_ccs.d_raw"  "../startup_msp432p401r_ccs.c"
Finished building: "../startup_msp432p401r_ccs.c"
 
Building file: "../Ultrasound.c"
Invoking: MSP432 Compiler
"F:/ti_009/ccs/tools/compiler/ti-cgt-arm_18.12.1.LTS/bin/armcl" -mv7M4 --code_state=16 --float_support=FPv4SPD16 -me --include_path="F:/ti_009/ccs/ccs_base/arm/include" --include_path="F:/ti_009/ccs/ccs_base/arm/include/CMSIS" --include_path="F:/TI-RSLK_GUIDE/inc" --include_path="F:/ti_009/ccs/tools/compiler/ti-cgt-arm_18.12.1.LTS/include" --advice:power=all --define=__MSP432P401R__ --define=ccs -g --c99 --gcc --diag_warning=225 --diag_wrap=off --display_error_number --abi=eabi --preproc_with_compile --preproc_dependency="Ultrasound.d_raw"  "../Ultrasound.c"
Finished building: "../Ultrasound.c"
 
Building file: "../UART1.c"
Invoking: MSP432 Compiler
"F:/ti_009/ccs/tools/compiler/ti-cgt-arm_18.12.1.LTS/bin/armcl" -mv7M4 --code_state=16 --float_support=FPv4SPD16 -me --include_path="F:/ti_009/ccs/ccs_base/arm/include" --include_path="F:/ti_009/ccs/ccs_base/arm/include/CMSIS" --include_path="F:/TI-RSLK_GUIDE/inc" --include_path="F:/ti_009/ccs/tools/compiler/ti-cgt-arm_18.12.1.LTS/include" --advice:power=all --define=__MSP432P401R__ --define=ccs -g --c99 --gcc --diag_warning=225 --diag_wrap=off --display_error_number --abi=eabi --preproc_with_compile --preproc_dependency="UART1.d_raw"  "../UART1.c"
"../UART1.c", line 136: remark #1527-D: (ULP 2.1) Detected SW delay loop using empty loop. Recommend using a timer module instead
"../UART1.c", line 136: remark #2623-D: (ULP 5.4) Detected an assignment to a type with size less than int. To avoid unnecessary sign extension, use int-sized types for local varaibles and convert to smaller types for static storage.
"../UART1.c", line 145: remark #1527-D: (ULP 2.1) Detected SW delay loop using empty loop. Recommend using a timer module instead
"../UART1.c", line 173: remark #1527-D: (ULP 2.1) Detected SW delay loop using empty loop. Recommend using a timer module instead
Finished building: "../UART1.c"
 
Building file: "../UART0.c"
Invoking: MSP432 Compiler
"F:/ti_009/ccs/tools/compiler/ti-cgt-arm_18.12.1.LTS/bin/armcl" -mv7M4 --code_state=16 --float_support=FPv4SPD16 -me --include_path="F:/ti_009/ccs/ccs_base/arm/include" --include_path="F:/ti_009/ccs/ccs_base/arm/include/CMSIS" --include_path="F:/TI-RSLK_GUIDE/inc" --include_path="F:/ti_009/ccs/tools/compiler/ti-cgt-arm_18.12.1.LTS/include" --advice:power=all --define=__MSP432P401R__ --define=ccs -g --c99 --gcc --diag_warning=225 --diag_wrap=off --display_error_number --abi=eabi --preproc_with_compile --preproc_dependency="UART0.d_raw"  "../UART0.c"
"../UART0.c", line 91: remark #1527-D: (ULP 2.1) Detected SW delay loop using empty loop. Recommend using a timer module instead
"../UART0.c", line 100: remark #1527-D: (ULP 2.1) Detected SW delay loop using empty loop. Recommend using a timer module instead
Finished building: "../UART0.c"
 
Building file: "../system_msp432p401r.c"
Invoking: MSP432 Compiler
"F:/ti_009/ccs/tools/compiler/ti-cgt-arm_18.12.1.LTS/bin/armcl" -mv7M4 --code_state=16 --float_support=FPv4SPD16 -me --include_path="F:/ti_009/ccs/ccs_base/arm/include" --include_path="F:/ti_009/ccs/ccs_base/arm/include/CMSIS" --include_path="F:/TI-RSLK_GUIDE/inc" --include_path="F:/ti_009/ccs/tools/compiler/ti-cgt-arm_18.12.1.LTS/include" --advice:power=all --define=__MSP432P401R__ --define=ccs -g --c99 --gcc --diag_warning=225 --diag_wrap=off --display_error_number --abi=eabi --preproc_with_compile --preproc_dependency="system_msp432p401r.d_raw"  "../system_msp432p401r.c"
"../system_msp432p401r.c", line 112: remark #2623-D: (ULP 5.4) Detected an assignment to a type with size less than int. To avoid unnecessary sign extension, use int-sized types for local varaibles and convert to smaller types for static storage.
"../system_msp432p401r.c", line 160: remark #2623-D: (ULP 5.4) Detected an assignment to a type with size less than int. To avoid unnecessary sign extension, use int-sized types for local varaibles and convert to smaller types for static storage.
"../system_msp432p401r.c", line 193: remark #2623-D: (ULP 5.4) Detected an assignment to a type with size less than int. To avoid unnecessary sign extension, use int-sized types for local varaibles and convert to smaller types for static storage.
Finished building: "../system_msp432p401r.c"
 
gmake: Target 'all' not remade because of errors.

**** Build Finished ****
